35.203.243.152 - - [2023-11-17 17:25:05] "POST /start HTTP/1.1" 200 166 0.001124
[2023-11-17 17:25:06,005] ERROR in app: Exception on /move [POST]
Traceback (most recent call last):
  File "/usr/local/lib/python3.11/dist-packages/flask/app.py", line 1455, in wsgi_app
    response = self.full_dispatch_request()
               ^^^^^^^^^^^^^^^^^^^^^^^^^^^^
  File "/usr/local/lib/python3.11/dist-packages/flask/app.py", line 869, in full_dispatch_request
    rv = self.handle_user_exception(e)
         ^^^^^^^^^^^^^^^^^^^^^^^^^^^^^
  File "/usr/local/lib/python3.11/dist-packages/flask/app.py", line 867, in full_dispatch_request
    rv = self.dispatch_request()
         ^^^^^^^^^^^^^^^^^^^^^^^
  File "/usr/local/lib/python3.11/dist-packages/flask/app.py", line 852, in dispatch_request
    return self.ensure_sync(self.view_functions[rule.endpoint])(**view_args)
           ^^^^^^^^^^^^^^^^^^^^^^^^^^^^^^^^^^^^^^^^^^^^^^^^^^^^^^^^^^^^^^^^^
  File "/root/code/battlesnake/server.py", line 27, in on_move
    return handlers["move"](game_state)
           ^^^^^^^^^^^^^^^^^^^^^^^^^^^^
  File "/root/code/battlesnake/main.py", line 52, in move
    best_move = battle_snake.get_best_move()
                ^^^^^^^^^^^^^^^^^^^^^^^^^^^^
  File "/root/code/battlesnake/engine/battlesnake.py", line 105, in get_best_move
    minimax_move_scores = self.execute_minimax(preferred_moves, self.our_snake.id)
                          ^^^^^^^^^^^^^^^^^^^^^^^^^^^^^^^^^^^^^^^^^^^^^^^^^^^^^^^^
  File "/root/code/battlesnake/engine/battlesnake.py", line 128, in execute_minimax
    minimax_values = Array(float, len(preferred_moves))
                     ^^^^^^^^^^^^^^^^^^^^^^^^^^^^^^^^^^
  File "/usr/lib/python3.11/multiprocessing/context.py", line 141, in Array
    return Array(typecode_or_type, size_or_initializer, lock=lock,
           ^^^^^^^^^^^^^^^^^^^^^^^^^^^^^^^^^^^^^^^^^^^^^^^^^^^^^^^
  File "/usr/lib/python3.11/multiprocessing/sharedctypes.py", line 88, in Array
    obj = RawArray(typecode_or_type, size_or_initializer)
          ^^^^^^^^^^^^^^^^^^^^^^^^^^^^^^^^^^^^^^^^^^^^^^^
  File "/usr/lib/python3.11/multiprocessing/sharedctypes.py", line 60, in RawArray
    type_ = type_ * size_or_initializer
            ~~~~~~^~~~~~~~~~~~~~~~~~~~~
TypeError: unsupported operand type(s) for *: 'type' and 'int'
35.203.243.152 - - [2023-11-17 17:25:06] "POST /move HTTP/1.1" 500 450 0.010059
[2023-11-17 17:25:06,093] ERROR in app: Exception on /move [POST]
Traceback (most recent call last):
  File "/usr/local/lib/python3.11/dist-packages/flask/app.py", line 1455, in wsgi_app
    response = self.full_dispatch_request()
               ^^^^^^^^^^^^^^^^^^^^^^^^^^^^
  File "/usr/local/lib/python3.11/dist-packages/flask/app.py", line 869, in full_dispatch_request
    rv = self.handle_user_exception(e)
         ^^^^^^^^^^^^^^^^^^^^^^^^^^^^^
  File "/usr/local/lib/python3.11/dist-packages/flask/app.py", line 867, in full_dispatch_request
    rv = self.dispatch_request()
         ^^^^^^^^^^^^^^^^^^^^^^^
  File "/usr/local/lib/python3.11/dist-packages/flask/app.py", line 852, in dispatch_request
    return self.ensure_sync(self.view_functions[rule.endpoint])(**view_args)
           ^^^^^^^^^^^^^^^^^^^^^^^^^^^^^^^^^^^^^^^^^^^^^^^^^^^^^^^^^^^^^^^^^
  File "/root/code/battlesnake/server.py", line 27, in on_move
    return handlers["move"](game_state)
           ^^^^^^^^^^^^^^^^^^^^^^^^^^^^
  File "/root/code/battlesnake/main.py", line 52, in move
    best_move = battle_snake.get_best_move()
                ^^^^^^^^^^^^^^^^^^^^^^^^^^^^
  File "/root/code/battlesnake/engine/battlesnake.py", line 105, in get_best_move
    minimax_move_scores = self.execute_minimax(preferred_moves, self.our_snake.id)
                          ^^^^^^^^^^^^^^^^^^^^^^^^^^^^^^^^^^^^^^^^^^^^^^^^^^^^^^^^
  File "/root/code/battlesnake/engine/battlesnake.py", line 128, in execute_minimax
    minimax_values = Array(float, len(preferred_moves))
                     ^^^^^^^^^^^^^^^^^^^^^^^^^^^^^^^^^^
  File "/usr/lib/python3.11/multiprocessing/context.py", line 141, in Array
    return Array(typecode_or_type, size_or_initializer, lock=lock,
           ^^^^^^^^^^^^^^^^^^^^^^^^^^^^^^^^^^^^^^^^^^^^^^^^^^^^^^^
  File "/usr/lib/python3.11/multiprocessing/sharedctypes.py", line 88, in Array
    obj = RawArray(typecode_or_type, size_or_initializer)
          ^^^^^^^^^^^^^^^^^^^^^^^^^^^^^^^^^^^^^^^^^^^^^^^
  File "/usr/lib/python3.11/multiprocessing/sharedctypes.py", line 60, in RawArray
    type_ = type_ * size_or_initializer
            ~~~~~~^~~~~~~~~~~~~~~~~~~~~
TypeError: unsupported operand type(s) for *: 'type' and 'int'
35.203.243.152 - - [2023-11-17 17:25:06] "POST /move HTTP/1.1" 500 450 0.003637
35.203.243.152 - - [2023-11-17 17:25:06] "POST /end HTTP/1.1" 200 166 0.000840
